[2015.08.08-19.22.08:408][  0]Log file open, 08/08/15 15:22:08
[2015.08.08-19.22.08:408][  0]LogInit:Display: Running engine for game: battleGame
[2015.08.08-19.22.08:408][  0]LogInit:Display: RandInit(-190129812) SRandInit(-190129798).
[2015.08.08-19.22.08:408][  0]LogTaskGraph: Started task graph with 4 named threads and 7 total threads.
[2015.08.08-19.22.08:408][  0]LogStats: Stats thread started
[2015.08.08-19.22.08:408][  0]LogInit: Version: 4.8.3-2634408+++depot+UE4-Releases+4.8
[2015.08.08-19.22.08:408][  0]LogInit: API Version: 2579680
[2015.08.08-19.22.08:409][  0]LogInit: Compiled (64-bit): Jul 27 2015 16:24:33
[2015.08.08-19.22.08:409][  0]LogInit: Compiled with Visual C++: 18.00.21005.01
[2015.08.08-19.22.08:409][  0]LogInit: Build Configuration: Development
[2015.08.08-19.22.08:409][  0]LogInit: Branch Name: ++depot+UE4-Releases+4.8
[2015.08.08-19.22.08:409][  0]LogInit: Command line:  
[2015.08.08-19.22.08:409][  0]LogInit: Base directory: C:/Program Files/Epic Games/4.8/Engine/Binaries/Win64/
[2015.08.08-19.22.08:409][  0]LogInit: Rocket: 1
[2015.08.08-19.22.08:431][  0]LogInit: Using libcurl 7.41.0
[2015.08.08-19.22.08:431][  0]LogInit:  - built for x86_64-pc-win32
[2015.08.08-19.22.08:431][  0]LogInit:  - supports SSL with WinSSL
[2015.08.08-19.22.08:431][  0]LogInit:  - other features:
[2015.08.08-19.22.08:431][  0]LogInit:      CURL_VERSION_SSL
[2015.08.08-19.22.08:431][  0]LogInit:      CURL_VERSION_IPV6
[2015.08.08-19.22.08:431][  0]LogInit:      CURL_VERSION_ASYNCHDNS
[2015.08.08-19.22.08:431][  0]LogInit:      CURL_VERSION_LARGEFILE
[2015.08.08-19.22.08:431][  0]LogInit:      CURL_VERSION_IDN
[2015.08.08-19.22.08:431][  0]LogInit:  CurlRequestOptions (configurable via config and command line):
[2015.08.08-19.22.08:431][  0]LogInit:  - bVerifyPeer = true  - Libcurl will verify peer certificate
[2015.08.08-19.22.08:431][  0]LogInit:  - bUseHttpProxy = false  - Libcurl will NOT use HTTP proxy
[2015.08.08-19.22.08:431][  0]LogInit:  - bDontReuseConnections = false  - Libcurl will reuse connections
[2015.08.08-19.22.08:431][  0]LogInit:  - CertBundlePath = nullptr  - Libcurl will use whatever was configured at build time.
[2015.08.08-19.22.08:450][  0]LogOnline:Warning: No default platform service specified for OnlineSubsystem
[2015.08.08-19.22.08:472][  0]LogInit: Presizing for 0 objects not considered by GC, pre-allocating 0 bytes.
[2015.08.08-19.22.08:486][  0]LogInit: Object subsystem initialized
[2015.08.08-19.22.08:489][  0]LogConsoleResponse:Warning: Skipping Unknown console variable: 'TranslucentSortAxis = (X=0.000000,Y=-1.000000,Z=0.000000)'
[2015.08.08-19.22.08:489][  0]LogConsoleResponse:Warning:   Found in ini file 'C:/Users/bshea/Documents/GitHub/battleGame/battleGame/Saved/Config/Windows/Engine.ini', in section '[/Script/Engine.RendererSettings]'
[2015.08.08-19.22.08:490][  0]LogConsoleResponse:Warning: Skipping Unknown console variable: 'UIScaleRule = ShortestSide'
[2015.08.08-19.22.08:490][  0]LogConsoleResponse:Warning:   Found in ini file 'C:/Users/bshea/Documents/GitHub/battleGame/battleGame/Saved/Config/Windows/Engine.ini', in section '[/Script/Engine.RendererSettings]'
[2015.08.08-19.22.08:490][  0]LogConsoleResponse:Warning: Skipping Unknown console variable: 'UIScaleCurve = (EditorCurveData=(Keys=),ExternalCurve=None)'
[2015.08.08-19.22.08:490][  0]LogConsoleResponse:Warning:   Found in ini file 'C:/Users/bshea/Documents/GitHub/battleGame/battleGame/Saved/Config/Windows/Engine.ini', in section '[/Script/Engine.RendererSettings]'
[2015.08.08-19.22.08:490][  0]LogInit: Selected Device Profile: [Windows]
[2015.08.08-19.22.08:490][  0]LogInit: Applying CVar settings loaded from the selected device profile: [Windows]
[2015.08.08-19.22.08:508][  0]LogInit: Computer: BSHEA-PC
[2015.08.08-19.22.08:508][  0]LogInit: User: bshea
[2015.08.08-19.22.08:508][  0]LogInit: CPU Page size=4096, Cores=4
[2015.08.08-19.22.08:508][  0]LogInit: High frequency timer resolution =14.318180 MHz
[2015.08.08-19.22.08:508][  0]LogMemory: Memory total: Physical=8.0GB (8GB approx)
[2015.08.08-19.22.08:508][  0]LogMemory: Platform Memory Stats for Windows
[2015.08.08-19.22.08:508][  0]LogMemory: Process Physical Memory: 50.15 MB used, 50.15 MB peak
[2015.08.08-19.22.08:508][  0]LogMemory: Process Virtual Memory: 22.64 MB used, 22.64 MB peak
[2015.08.08-19.22.08:508][  0]LogMemory: Physical Memory: 3586.29 MB used, 8189.24 MB total
[2015.08.08-19.22.08:508][  0]LogMemory: Virtual Memory: 310.13 MB used, 134217728.00 MB total
[2015.08.08-19.22.08:570][  0]LogTextLocalizationManager: The requested culture ('en_US') has no localization data; parent culture's ('en') localization data will be used.
[2015.08.08-19.22.08:935][  0]LogTextLocalizationManager:Warning: Loaded localization resources contain conflicting entries for (Namespace:ContentBrowser, Key:ImportAssetToolTip):
Localization Resource: (C:/Program Files/Epic Games/4.8/Engine/Content/Localization/Editor/en/Editor.locres) Source String Hash: (-630476809) Localized String: (Import to {0}...)
Localization Resource: (C:/Program Files/Epic Games/4.8/Engine/Content/Localization/Editor/en/Editor.locres) Source String Hash: (1271782899) Localized String: (Imports an asset from file to this folder.)
[2015.08.08-19.22.09:650][  0]LogD3D11RHI: Found D3D11 adapter 0: AMD Radeon HD 7700 Series (Feature Level 11_0)
[2015.08.08-19.22.09:650][  0]LogD3D11RHI: Adapter has 1002MB of dedicated video memory, 0MB of dedicated system memory, and 4094MB of shared system memory, 2 output[s]
[2015.08.08-19.22.09:657][  0]LogD3D11RHI: Found D3D11 adapter 1: Microsoft Basic Render Driver (Feature Level 11_0)
[2015.08.08-19.22.09:657][  0]LogD3D11RHI: Adapter has 0MB of dedicated video memory, 0MB of dedicated system memory, and 4094MB of shared system memory, 0 output[s]
[2015.08.08-19.22.09:657][  0]LogD3D11RHI: Chosen D3D11 Adapter Id = 0
[2015.08.08-19.22.09:664][  0]LogD3D11RHI: InitD3DDevice
[2015.08.08-19.22.09:664][  0]LogD3D11RHI: !Direct3DDevice
[2015.08.08-19.22.09:664][  0]LogRHI: Texture pool is 701 MB (70% of 1002 MB)
[2015.08.08-19.22.09:673][  0]LogD3D11RHI: Async texture creation disabled: no driver support
[2015.08.08-19.22.09:687][  0]LogShaderCompilers:Display: Using Local Shader Compiler.
[2015.08.08-19.22.11:530][  0]LogTemp:Display: Loaded TP DesktopTargetPlatform
[2015.08.08-19.22.11:558][  0]LogTemp:Display: Loaded TP WindowsClientTargetPlatform
[2015.08.08-19.22.11:580][  0]LogTemp:Display: Loaded TP WindowsNoEditorTargetPlatform
[2015.08.08-19.22.11:617][  0]LogTemp:Display: Loaded TP WindowsServerTargetPlatform
[2015.08.08-19.22.11:644][  0]LogTemp:Display: Loaded TP WindowsTargetPlatform
[2015.08.08-19.22.11:666][  0]LogTemp:Display: Loaded TP AndroidTargetPlatform
[2015.08.08-19.22.11:685][  0]LogTemp:Display: Loaded TP Android_ASTCTargetPlatform
[2015.08.08-19.22.11:704][  0]LogTemp:Display: Loaded TP Android_ATCTargetPlatform
[2015.08.08-19.22.11:723][  0]LogTemp:Display: Loaded TP Android_DXTTargetPlatform
[2015.08.08-19.22.11:745][  0]LogTemp:Display: Loaded TP Android_ETC1TargetPlatform
[2015.08.08-19.22.11:766][  0]LogTemp:Display: Loaded TP Android_ETC2TargetPlatform
[2015.08.08-19.22.11:786][  0]LogTemp:Display: Loaded TP Android_PVRTCTargetPlatform
[2015.08.08-19.22.11:866][  0]LogTemp:Display: Loaded TP IOSTargetPlatform
[2015.08.08-19.22.11:885][  0]LogTemp:Display: Loaded TP LinuxNoEditorTargetPlatform
[2015.08.08-19.22.11:905][  0]LogTemp:Display: Loaded TP LinuxServerTargetPlatform
[2015.08.08-19.22.11:933][  0]LogTemp:Display: Loaded TP LinuxTargetPlatform
[2015.08.08-19.22.11:933][  0]LogTargetPlatformManager:Display: Building Assets For Windows
[2015.08.08-19.22.12:298][  0]LogDerivedDataCache:Display: Max Cache Size: 512 MB
[2015.08.08-19.22.12:564][  0]LogDerivedDataCache: Loaded boot cache 0.27s 53MB C:/Users/bshea/AppData/Local/UnrealEngine/4.8/DerivedDataCache/Boot.ddc.
[2015.08.08-19.22.12:564][  0]LogDerivedDataCache:Display: Loaded Boot cache: C:/Users/bshea/AppData/Local/UnrealEngine/4.8/DerivedDataCache/Boot.ddc
[2015.08.08-19.22.12:564][  0]LogDerivedDataCache: FDerivedDataBackendGraph:  Pak pak cache file ../../../../../../Users/bshea/Documents/GitHub/battleGame/battleGame/DerivedDataCache/DDC.ddp not found, will not use a pak cache.
[2015.08.08-19.22.12:564][  0]LogDerivedDataCache: Unable to find inner node Pak for hierarchical cache Hierarchy.
[2015.08.08-19.22.12:564][  0]LogDerivedDataCache: FDerivedDataBackendGraph:  CompressedPak pak cache file ../../../../../../Users/bshea/Documents/GitHub/battleGame/battleGame/DerivedDataCache/Compressed.ddp not found, will not use a pak cache.
[2015.08.08-19.22.12:564][  0]LogDerivedDataCache: Unable to find inner node CompressedPak for hierarchical cache Hierarchy.
[2015.08.08-19.22.12:801][  0]LogDerivedDataCache:Display: Pak cache opened for reading ../../../Engine/DerivedDataCache/Compressed.ddp.
[2015.08.08-19.22.12:813][  0]LogDerivedDataCache: Using Local data cache path C:/Users/bshea/AppData/Local/UnrealEngine/Common/DerivedDataCache: Writable
[2015.08.08-19.22.14:510][  0]LogInit: Selected Device Profile: [Windows]
[2015.08.08-19.22.14:643][  0]ImportText (ComponentSweepMultiTests): Missing closing parenthesis: (RootShapeAsset="/Engine/BasicShapes/Cube.Cube",ShapeType="TriggerCapsule",HitResult=(Time=0.50,Location=(X=-100.000015,Y=0.0,Z=100.000015),ImpactPoint=(X=-50.0,Y=0.0,Z=50.0),Normal=(X=-1.0,Y=-0.0,Z=0.0),ImpactNormal=(X=0.0,Y=0.0,Z=1.0),TraceStart=(X=-200.0,Y=0.0,Z=200.0),TraceEnd=(X=0.0,Y=0.0,Z=0.0))
[2015.08.08-19.22.14:644][  0]ImportText (LineTraceSingleByChannelTests): Missing closing parenthesis: (RootShapeAsset="/Engine/BasicShapes/Cube.Cube",HitResult=(Time=0.50,Location=(X=-100.000015,Y=0.0,Z=100.000015),ImpactPoint=(X=-50.0,Y=0.0,Z=50.0),Normal=(X=-1.0,Y=-0.0,Z=0.0),ImpactNormal=(X=0.0,Y=0.0,Z=1.0),TraceStart=(X=-200.0,Y=0.0,Z=200.0),TraceEnd=(X=0.0,Y=0.0,Z=0.0))
[2015.08.08-19.22.14:692][  0]LogMeshUtilities: No automatic mesh reduction module available
[2015.08.08-19.22.14:692][  0]LogMeshUtilities: No automatic mesh merging module available
[2015.08.08-19.22.15:277][  0]LogInit: WinSock: version 1.1 (2.2), MaxSocks=32767, MaxUdp=65467
[2015.08.08-19.22.18:514][  0]UdpMessaging: Initializing bridge on interface 0.0.0.0:0 to multicast group 230.0.0.1:6666.
[2015.08.08-19.22.19:170][  0]SourceControl: Info Source control is disabled
[2015.08.08-19.22.19:260][  0]SourceControl: Info Source control is disabled
[2015.08.08-19.22.19:279][  0]SourceControl: Info Source control is disabled
[2015.08.08-19.22.19:297][  0]SourceControl: Info Source control is disabled
[2015.08.08-19.22.19:721][  0]LogObj: 26277 objects as part of root set at end of initial load.
[2015.08.08-19.22.19:721][  0]LogUObjectAllocator: 5410864 out of 0 bytes used by permanent object pool.
[2015.08.08-19.22.19:831][  0]LogEngine: Initializing Engine...
[2015.08.08-19.22.19:837][  0]LogHMD: Can't find Oculus library dev build: is proper Runtime installed? Version: 0.6.0.0
[2015.08.08-19.22.19:860][  0]LogHMD:Warning: SteamVR failed to initialize.  Error: 110
[2015.08.08-19.22.20:108][  0]LogAIModule: Creating AISystem for world NewWorld
[2015.08.08-19.22.20:129][  0]LogInit: XAudio2 using 'Speakers (Realtek High Definition Audio)' : 2 channels at 48 kHz using 32 bits per sample (channel mask 0x3)
[2015.08.08-19.22.20:178][  0]LogInit: FAudioDevice initialized.
[2015.08.08-19.22.20:240][  0]LogDerivedDataCache: Saved boot cache 0.06s 53MB C:/Users/bshea/AppData/Local/UnrealEngine/4.8/DerivedDataCache/Boot.ddc.
[2015.08.08-19.22.20:260][  0]LogInit: Texture streaming: Disabled
[2015.08.08-19.22.20:307][  0]LogAnalytics: Creating configured Analytics provider AnalyticsET
[2015.08.08-19.22.20:307][  0]LogAnalytics: [UEEditor.Rocket.Release] APIServer = http://et2.epicgames.com/ET2/. AppVersion = 4.8.3-2634408+++depot+UE4-Releases+4.8
[2015.08.08-19.22.20:307][  0]LogAnalytics: [UEEditor.Rocket.Release] SetUserId 91d245b740eede080bc6e485c6e00d6c|f74cbac833ce4fedb54a447eb30bb0be|b337f361-73e9-4dbe-bb29-13173501857e
[2015.08.08-19.22.20:307][  0]LogAnalytics: [UEEditor.Rocket.Release] AnalyticsET::StartSession
[2015.08.08-19.22.20:366][  0]LogInit: Transaction tracking system initialized
[2015.08.08-19.22.20:644][  0]BlueprintLog: New page: Editor Load
[2015.08.08-19.22.20:700][  0]LogAssetRegistry: FAssetRegistry took 0.0112 seconds to start up
[2015.08.08-19.22.20:701][  0]LogDirectoryWatcher:Warning: Failed to begin reading directory changes for ../../../Engine/Plugins/Experimental/CharacterAI/Content/. Error: 0
[2015.08.08-19.22.21:963][  0]LogConsoleManager:Warning: Console variable 'r.VSync' wasn't set ('GameSetting' has a lower priority than 'SystemSettingsIni')
[2015.08.08-19.22.21:964][  0]LogConsoleResponse:Display: 
[2015.08.08-19.22.22:165][  0]LogCook:Display: Done creating registry. It took  0.00s.
[2015.08.08-19.22.22:540][  0]SourceControl: Info Source control is disabled
[2015.08.08-19.22.22:541][  0]Cmd: MAP LOAD FILE="../../../../../../Users/bshea/Documents/GitHub/battleGame/battleGame/Content/StarterContent/Maps/Minimal_Default.umap" TEMPLATE=0 SHOWPROGRESS=1 FEATURELEVEL=3
[2015.08.08-19.22.22:545][  0]LightingResults: New page: Lighting Build
[2015.08.08-19.22.22:570][  0]MapCheck: New page: Map Check
[2015.08.08-19.22.22:570][  0]LightingResults: New page: Lighting Build
[2015.08.08-19.22.22:591][  0]LogParticles: Destroying 0 GPU particle simulations for FXSystem 0x00000016FB135940
[2015.08.08-19.22.23:878][  0]LogAIModule: Creating AISystem for world Minimal_Default
[2015.08.08-19.22.23:892][  0]LogEditorServer: Finished looking for orphan Actors (0.000 secs)
[2015.08.08-19.22.23:977][  0]Cmd: MAP CHECKDEP NOCLEARLOG
[2015.08.08-19.22.24:051][  0]MapCheck: Info Map check complete: 0 Error(s), 0 Warning(s), took 73.506ms to complete.
[2015.08.08-19.22.24:051][  0]LogFileHelpers: Loading map 'Minimal_Default' took 1.511
[2015.08.08-19.22.24:270][  0]LogCollectionManager: Loaded 0 collections in 0.003269 seconds
[2015.08.08-19.22.24:281][  0]LogContentBrowser: Native class hierarchy populated in 0.0114 seconds. Added 1793 classes and 303 folders.
[2015.08.08-19.22.24:376][  0]LogContentBrowser: Native class hierarchy updated for 'WidgetCarousel' in 0.0017 seconds. Added 0 classes and 0 folders.
[2015.08.08-19.22.24:525][  0]LogContentBrowser: Native class hierarchy updated for 'AddContentDialog' in 0.0019 seconds. Added 0 classes and 0 folders.
[2015.08.08-19.22.24:554][  0]LogContentBrowser: Native class hierarchy updated for 'SceneOutliner' in 0.0021 seconds. Added 1 classes and 2 folders.
[2015.08.08-19.22.24:606][  0]LogCrashTracker: Crashtracker disabled due to settings.
[2015.08.08-19.22.24:607][  0]LogD3D11RHI: InitD3DDevice
[2015.08.08-19.22.24:653][  0]LogD3D11RHI: InitD3DDevice
[2015.08.08-19.22.24:702][  0]LogLoad: Full Startup: 19.66 seconds (BP compile: 0.33 seconds)
[2015.08.08-19.22.24:865][  0]LogContentStreaming: Texture pool size is 0.000000MB
[2015.08.08-19.22.24:930][  0]LogContentStreaming: Texture pool size now 1000 MB
[2015.08.08-19.22.25:094][  0]LogRenderer: Reallocating scene render targets to support 1208x576 (Frame:2).
[2015.08.08-19.22.25:921][ 10]LogAssetRegistry: Asset discovery search completed in 5.2322 seconds
[2015.08.08-19.22.27:097][ 90]LogD3D11RHI: InitD3DDevice
[2015.08.08-19.26.33:436][940]LogHotReload: New module detected: UE4Editor-battleGame-9972.dll
[2015.08.08-19.26.34:445][944]LogHotReload: Starting Hot-Reload from IDE
[2015.08.08-19.26.34:463][944]LogD3D11RHI: InitD3DDevice
[2015.08.08-19.26.34:586][944]LogClass: Could not find existing class FloatingActor in package /Script/battleGame for HotReload, assuming new class
[2015.08.08-19.26.34:592][944]LogHotReload: Re-instancing FloatingActor after hot-reload.
[2015.08.08-19.26.34:633][944]LogContentBrowser: Native class hierarchy updated for 'battleGame' in 0.0017 seconds. Added 1 classes and 2 folders.
[2015.08.08-19.26.34:635][944]Warning: HotReload successful (0 functions remapped  0 scriptstructs remapped)
[2015.08.08-19.26.34:670][944]LogContentBrowser: Native class hierarchy populated in 0.0139 seconds. Added 1794 classes and 305 folders.
[2015.08.08-19.26.34:687][944]LogD3D11RHI: InitD3DDevice
[2015.08.08-19.35.18:950][881]LogD3D11RHI: InitD3DDevice
[2015.08.08-19.35.19:071][892]LogEditor: Attempting to add actor of class 'FloatingActor' to level at -120.00,80.00,30.00
[2015.08.08-19.35.20:518][988]LogEditor: Attempting to add actor of class 'FloatingActor' to level at -180.00,10.00,100.00
[2015.08.08-19.35.26:170][377]LogD3D11RHI: InitD3DDevice
[2015.08.08-19.35.45:890][840]LogEditorViewport: Clicking on Actor (LMB): StaticMeshActor (Floor)
[2015.08.08-19.36.46:176][445]LogD3D11RHI: InitD3DDevice
[2015.08.08-19.36.55:177][472]LogD3D11RHI: InitD3DDevice
[2015.08.08-19.36.55:532][472]LogSavePackage: Save=128.211609ms
[2015.08.08-19.36.55:532][472]LogSavePackage: Moving '../../../../../../Users/bshea/Documents/GitHub/battleGame/battleGame/Saved/Minimal_Default_Auto11BF0F6434A77D1D7281050A648050D74.tmp' to '../../../../../../Users/bshea/Documents/GitHub/battleGame/battleGame/Saved/Autosaves/Game/StarterContent/Maps/Minimal_Default_Auto1.umap'
[2015.08.08-19.36.55:540][472]LogFileHelpers: Editor autosave (incl. sublevels) for '/Game/StarterContent/Maps/Minimal_Default' took 0.198
[2015.08.08-19.36.55:540][472]LogFileHelpers: Editor autosave (incl. sublevels) for all levels took 0.198
[2015.08.08-19.40.30:922][119]LogPlayLevel: PIE:  No blueprints needed recompiling
[2015.08.08-19.40.30:955][119]PIE: New page: PIE session: Minimal_Default (Aug 8, 2015, 11:40:30 AM)
[2015.08.08-19.40.30:956][119]LogPlayLevel: Creating play world package: /Game/StarterContent/Maps/UEDPIE_0_Minimal_Default
[2015.08.08-19.40.30:973][119]LogPlayLevel: PIE: StaticDuplicateObject took: (0.017468s)
[2015.08.08-19.40.30:978][119]LogAIModule: Creating AISystem for world Minimal_Default
[2015.08.08-19.40.30:979][119]LogPlayLevel: PIE: World Init took: (0.006135s)
[2015.08.08-19.40.30:980][119]LogPlayLevel: PIE: Created PIE world by copying editor world from /Game/StarterContent/Maps/Minimal_Default.Minimal_Default to /Game/StarterContent/Maps/UEDPIE_0_Minimal_Default.Minimal_Default (0.024186s)
[2015.08.08-19.40.31:032][119]LogInit: XAudio2 using 'Speakers (Realtek High Definition Audio)' : 2 channels at 48 kHz using 32 bits per sample (channel mask 0x3)
[2015.08.08-19.40.31:052][119]LogInit: FAudioDevice initialized.
[2015.08.08-19.40.31:115][119]LogWorld: Game class is 'GameMode'
[2015.08.08-19.40.31:134][119]LogWorld: Bringing World /Game/StarterContent/Maps/UEDPIE_0_Minimal_Default.Minimal_Default up for play (max tick rate 0) at 2015.08.08-15.40.31
[2015.08.08-19.40.31:134][119]LogActor:Warning: GameSession /Game/StarterContent/Maps/UEDPIE_0_Minimal_Default.Minimal_Default:PersistentLevel.GameSession_0 has natively added scene component(s), but none of them were set as the actor's RootComponent - picking one arbitrarily
[2015.08.08-19.40.31:135][119]LogActor:Warning: GameNetworkManager /Game/StarterContent/Maps/UEDPIE_0_Minimal_Default.Minimal_Default:PersistentLevel.GameNetworkManager_0 has natively added scene component(s), but none of them were set as the actor's RootComponent - picking one arbitrarily
[2015.08.08-19.40.31:138][119]LogWorld: Bringing up level for play took: 0.008329
[2015.08.08-19.40.31:158][119]PIE: Info Play in editor start time for /Game/StarterContent/Maps/UEDPIE_0_Minimal_Default 0.979
[2015.08.08-19.40.45:140][313]LogParticles: Destroying 0 GPU particle simulations for FXSystem 0x00000016F10A1440
[2015.08.08-19.40.57:053][145]LogD3D11RHI: InitD3DDevice
[2015.08.08-19.40.57:164][153]LogEditor: Attempting to add actor of class 'FloatingActor' to level at -130.00,0.00,100.00
[2015.08.08-19.40.58:166][225]LogEditor: Attempting to add actor of class 'FloatingActor' to level at -570.00,-270.00,220.00
[2015.08.08-19.41.00:924][425]LogD3D11RHI: InitD3DDevice
[2015.08.08-19.41.15:175][762]LogD3D11RHI: InitD3DDevice
[2015.08.08-19.42.03:506][756]LogActorComponent: ~FComponentReregisterContext: (/Game/StarterContent/Maps/Minimal_Default.Minimal_Default:PersistentLevel.FloatingActor_3.Cone) Component already registered.
[2015.08.08-19.42.07:673][ 16]LogPlayLevel: PIE