[2015.07.31-17.15.39:970][  0]Log file open, 07/31/15 13:15:39
[2015.07.31-17.15.39:970][  0]LogInit:Display: Running engine for game: battleGame
[2015.07.31-17.15.39:970][  0]LogInit:Display: RandInit(-1602452640) SRandInit(-1602452640).
[2015.07.31-17.15.39:970][  0]LogTaskGraph: Started task graph with 4 named threads and 7 total threads.
[2015.07.31-17.15.39:970][  0]LogStats: Stats thread started
[2015.07.31-17.15.39:970][  0]LogInit: Version: 4.8.3-2634408+++depot+UE4-Releases+4.8
[2015.07.31-17.15.39:970][  0]LogInit: API Version: 2579680
[2015.07.31-17.15.39:970][  0]LogInit: Compiled (64-bit): Jul 27 2015 16:24:33
[2015.07.31-17.15.39:970][  0]LogInit: Compiled with Visual C++: 18.00.21005.01
[2015.07.31-17.15.39:970][  0]LogInit: Build Configuration: Development
[2015.07.31-17.15.39:970][  0]LogInit: Branch Name: ++depot+UE4-Releases+4.8
[2015.07.31-17.15.39:970][  0]LogInit: Command line: 
[2015.07.31-17.15.39:970][  0]LogInit: Base directory: C:/Program Files/Epic Games/4.8/Engine/Binaries/Win64/
[2015.07.31-17.15.39:970][  0]LogInit: Rocket: 1
[2015.07.31-17.15.39:985][  0]LogInit: Using libcurl 7.41.0
[2015.07.31-17.15.39:985][  0]LogInit:  - built for x86_64-pc-win32
[2015.07.31-17.15.39:985][  0]LogInit:  - supports SSL with WinSSL
[2015.07.31-17.15.39:985][  0]LogInit:  - other features:
[2015.07.31-17.15.39:985][  0]LogInit:      CURL_VERSION_SSL
[2015.07.31-17.15.39:985][  0]LogInit:      CURL_VERSION_IPV6
[2015.07.31-17.15.39:985][  0]LogInit:      CURL_VERSION_ASYNCHDNS
[2015.07.31-17.15.39:985][  0]LogInit:      CURL_VERSION_LARGEFILE
[2015.07.31-17.15.39:985][  0]LogInit:      CURL_VERSION_IDN
[2015.07.31-17.15.39:986][  0]LogInit:  CurlRequestOptions (configurable via config and command line):
[2015.07.31-17.15.39:986][  0]LogInit:  - bVerifyPeer = true  - Libcurl will verify peer certificate
[2015.07.31-17.15.39:986][  0]LogInit:  - bUseHttpProxy = false  - Libcurl will NOT use HTTP proxy
[2015.07.31-17.15.39:986][  0]LogInit:  - bDontReuseConnections = false  - Libcurl will reuse connections
[2015.07.31-17.15.39:986][  0]LogInit:  - CertBundlePath = nullptr  - Libcurl will use whatever was configured at build time.
[2015.07.31-17.15.40:000][  0]LogOnline:Warning: No default platform service specified for OnlineSubsystem
[2015.07.31-17.15.40:181][  0]LogInit: Presizing for 0 objects not considered by GC, pre-allocating 0 bytes.
[2015.07.31-17.15.40:189][  0]LogInit: Object subsystem initialized
[2015.07.31-17.15.40:190][  0]LogConsoleResponse:Warning: Skipping Unknown console variable: 'TranslucentSortAxis = (X=0.000000,Y=-1.000000,Z=0.000000)'
[2015.07.31-17.15.40:190][  0]LogConsoleResponse:Warning:   Found in ini file 'D:/UnrealProj/battlegame/battleGame/Saved/Config/Windows/Engine.ini', in section '[/Script/Engine.RendererSettings]'
[2015.07.31-17.15.40:190][  0]LogConsoleResponse:Warning: Skipping Unknown console variable: 'UIScaleRule = ShortestSide'
[2015.07.31-17.15.40:190][  0]LogConsoleResponse:Warning:   Found in ini file 'D:/UnrealProj/battlegame/battleGame/Saved/Config/Windows/Engine.ini', in section '[/Script/Engine.RendererSettings]'
[2015.07.31-17.15.40:190][  0]LogConsoleResponse:Warning: Skipping Unknown console variable: 'UIScaleCurve = (EditorCurveData=(Keys=),ExternalCurve=None)'
[2015.07.31-17.15.40:190][  0]LogConsoleResponse:Warning:   Found in ini file 'D:/UnrealProj/battlegame/battleGame/Saved/Config/Windows/Engine.ini', in section '[/Script/Engine.RendererSettings]'
[2015.07.31-17.15.40:191][  0]LogInit: Selected Device Profile: [Windows]
[2015.07.31-17.15.40:191][  0]LogInit: Applying CVar settings loaded from the selected device profile: [Windows]
[2015.07.31-17.15.40:300][  0]LogInit: Computer: DECEPTICON
[2015.07.31-17.15.40:300][  0]LogInit: User: bmoneywhat
[2015.07.31-17.15.40:300][  0]LogInit: CPU Page size=4096, Cores=4
[2015.07.31-17.15.40:300][  0]LogInit: High frequency timer resolution =2.338444 MHz
[2015.07.31-17.15.40:300][  0]LogMemory: Memory total: Physical=3.9GB (4GB approx)
[2015.07.31-17.15.40:300][  0]LogMemory: Platform Memory Stats for Windows
[2015.07.31-17.15.40:300][  0]LogMemory: Process Physical Memory: 48.75 MB used, 48.75 MB peak
[2015.07.31-17.15.40:300][  0]LogMemory: Process Virtual Memory: 25.39 MB used, 25.39 MB peak
[2015.07.31-17.15.40:300][  0]LogMemory: Physical Memory: 3067.83 MB used, 3981.68 MB total
[2015.07.31-17.15.40:300][  0]LogMemory: Virtual Memory: 310.98 MB used, 134217728.00 MB total
[2015.07.31-17.15.42:096][  0]LogTextLocalizationManager: The requested culture ('en_US') has no localization data; parent culture's ('en') localization data will be used.
[2015.07.31-17.15.43:355][  0]LogTextLocalizationManager:Warning: Loaded localization resources contain conflicting entries for (Namespace:ContentBrowser, Key:ImportAssetToolTip):
Localization Resource: (C:/Program Files/Epic Games/4.8/Engine/Content/Localization/Editor/en/Editor.locres) Source String Hash: (-630476809) Localized String: (Import to {0}...)
Localization Resource: (C:/Program Files/Epic Games/4.8/Engine/Content/Localization/Editor/en/Editor.locres) Source String Hash: (1271782899) Localized String: (Imports an asset from file to this folder.)
[2015.07.31-17.15.44:564][  0]LogD3D11RHI: Found D3D11 adapter 0: Intel(R) HD Graphics 4000 (Feature Level 11_0)
[2015.07.31-17.15.44:564][  0]LogD3D11RHI: Adapter has 32MB of dedicated video memory, 0MB of dedicated system memory, and 1760MB of shared system memory, 2 output[s]
[2015.07.31-17.15.44:700][  0]LogD3D11RHI: Found D3D11 adapter 1: Microsoft Basic Render Driver (Feature Level 11_0)
[2015.07.31-17.15.44:700][  0]LogD3D11RHI: Adapter has 0MB of dedicated video memory, 0MB of dedicated system memory, and 256MB of shared system memory, 0 output[s]
[2015.07.31-17.15.44:700][  0]LogD3D11RHI: Chosen D3D11 Adapter Id = 0
[2015.07.31-17.15.44:705][  0]LogD3D11RHI: InitD3DDevice
[2015.07.31-17.15.44:705][  0]LogD3D11RHI: !Direct3DDevice
[2015.07.31-17.15.44:705][  0]LogRHI: Texture pool is 638 MB (70% of 912 MB)
[2015.07.31-17.15.44:708][  0]LogD3D11RHI: Async texture creation enabled
[2015.07.31-17.15.44:712][  0]LogShaderCompilers:Display: Using Local Shader Compiler.
[2015.07.31-17.15.58:660][  0]LogTemp:Display: Loaded TP DesktopTargetPlatform
[2015.07.31-17.15.58:701][  0]LogTemp:Display: Loaded TP WindowsClientTargetPlatform
[2015.07.31-17.15.58:732][  0]LogTemp:Display: Loaded TP WindowsNoEditorTargetPlatform
[2015.07.31-17.15.58:757][  0]LogTemp:Display: Loaded TP WindowsServerTargetPlatform
[2015.07.31-17.15.58:806][  0]LogTemp:Display: Loaded TP WindowsTargetPlatform
[2015.07.31-17.15.58:857][  0]LogTemp:Display: Loaded TP AndroidTargetPlatform
[2015.07.31-17.15.58:906][  0]LogTemp:Display: Loaded TP Android_ASTCTargetPlatform
[2015.07.31-17.15.58:936][  0]LogTemp:Display: Loaded TP Android_ATCTargetPlatform
[2015.07.31-17.15.58:963][  0]LogTemp:Display: Loaded TP Android_DXTTargetPlatform
[2015.07.31-17.15.58:986][  0]LogTemp:Display: Loaded TP Android_ETC1TargetPlatform
[2015.07.31-17.15.59:010][  0]LogTemp:Display: Loaded TP Android_ETC2TargetPlatform
[2015.07.31-17.15.59:033][  0]LogTemp:Display: Loaded TP Android_PVRTCTargetPlatform
[2015.07.31-17.15.59:201][  0]LogTemp:Display: Loaded TP IOSTargetPlatform
[2015.07.31-17.15.59:228][  0]LogTemp:Display: Loaded TP LinuxNoEditorTargetPlatform
[2015.07.31-17.15.59:254][  0]LogTemp:Display: Loaded TP LinuxServerTargetPlatform
[2015.07.31-17.15.59:292][  0]LogTemp:Display: Loaded TP LinuxTargetPlatform
[2015.07.31-17.15.59:292][  0]LogTargetPlatformManager:Display: Building Assets For Windows
[2015.07.31-17.16.00:252][  0]LogDerivedDataCache:Display: Max Cache Size: 512 MB
[2015.07.31-17.16.01:126][  0]LogDerivedDataCache: Loaded boot cache 0.87s 53MB C:/Users/bmoneywhat/AppData/Local/UnrealEngine/4.8/DerivedDataCache/Boot.ddc.
[2015.07.31-17.16.01:126][  0]LogDerivedDataCache:Display: Loaded Boot cache: C:/Users/bmoneywhat/AppData/Local/UnrealEngine/4.8/DerivedDataCache/Boot.ddc
[2015.07.31-17.16.01:126][  0]LogDerivedDataCache: FDerivedDataBackendGraph:  Pak pak cache file D:/UnrealProj/battlegame/battleGame/DerivedDataCache/DDC.ddp not found, will not use a pak cache.
[2015.07.31-17.16.01:126][  0]LogDerivedDataCache: Unable to find inner node Pak for hierarchical cache Hierarchy.
[2015.07.31-17.16.01:126][  0]LogDerivedDataCache: FDerivedDataBackendGraph:  CompressedPak pak cache file D:/UnrealProj/battlegame/battleGame/DerivedDataCache/Compressed.ddp not found, will not use a pak cache.
[2015.07.31-17.16.01:126][  0]LogDerivedDataCache: Unable to find inner node CompressedPak for hierarchical cache Hierarchy.
[2015.07.31-17.16.01:335][  0]LogDerivedDataCache:Display: Pak cache opened for reading ../../../Engine/DerivedDataCache/Compressed.ddp.
[2015.07.31-17.16.01:347][  0]LogDerivedDataCache: Using Local data cache path C:/Users/bmoneywhat/AppData/Local/UnrealEngine/Common/DerivedDataCache: Writable
[2015.07.31-17.16.06:766][  0]LogInit: Selected Device Profile: [Windows]
[2015.07.31-17.16.06:852][  0]ImportText (ComponentSweepMultiTests): Missing closing parenthesis: (RootShapeAsset="/Engine/BasicShapes/Cube.Cube",ShapeType="TriggerCapsule",HitResult=(Time=0.50,Location=(X=-100.000015,Y=0.0,Z=100.000015),ImpactPoint=(X=-50.0,Y=0.0,Z=50.0),Normal=(X=-1.0,Y=-0.0,Z=0.0),ImpactNormal=(X=0.0,Y=0.0,Z=1.0),TraceStart=(X=-200.0,Y=0.0,Z=200.0),TraceEnd=(X=0.0,Y=0.0,Z=0.0))
[2015.07.31-17.16.06:852][  0]ImportText (LineTraceSingleByChannelTests): Missing closing parenthesis: (RootShapeAsset="/Engine/BasicShapes/Cube.Cube",HitResult=(Time=0.50,Location=(X=-100.000015,Y=0.0,Z=100.000015),ImpactPoint=(X=-50.0,Y=0.0,Z=50.0),Normal=(X=-1.0,Y=-0.0,Z=0.0),ImpactNormal=(X=0.0,Y=0.0,Z=1.0),TraceStart=(X=-200.0,Y=0.0,Z=200.0),TraceEnd=(X=0.0,Y=0.0,Z=0.0))
[2015.07.31-17.16.06:899][  0]LogMeshUtilities: No automatic mesh reduction module available
[2015.07.31-17.16.06:899][  0]LogMeshUtilities: No automatic mesh merging module available
[2015.07.31-17.16.07:459][  0]LogInit: WinSock: version 1.1 (2.2), MaxSocks=32767, MaxUdp=65467
[2015.07.31-17.16.30:895][  0]UdpMessaging: Initializing bridge on interface 0.0.0.0:0 to multicast group 230.0.0.1:6666.
[2015.07.31-17.16.32:297][  0]SourceControl: Info Source control is disabled
[2015.07.31-17.16.33:070][  0]SourceControl: Info Source control is disabled
[2015.07.31-17.16.33:118][  0]SourceControl: Info Source control is disabled
[2015.07.31-17.16.33:148][  0]SourceControl: Info Source control is disabled
[2015.07.31-17.16.34:230][  0]LogObj: 26273 objects as part of root set at end of initial load.
[2015.07.31-17.16.34:230][  0]LogUObjectAllocator: 5409248 out of 0 bytes used by permanent object pool.
[2015.07.31-17.16.34:387][  0]LogEngine: Initializing Engine...
[2015.07.31-17.16.34:390][  0]LogHMD: Can't find Oculus library dev build: is proper Runtime installed? Version: 0.6.0.0
[2015.07.31-17.16.34:541][  0]LogHMD:Warning: SteamVR failed to initialize.  Error: 110
[2015.07.31-17.16.34:742][  0]LogAIModule: Creating AISystem for world NewWorld
[2015.07.31-17.16.34:785][  0]LogInit: XAudio2 using 'Speakers (Realtek High Definition Audio)' : 2 channels at 48 kHz using 32 bits per sample (channel mask 0x3)
[2015.07.31-17.16.34:940][  0]LogInit: FAudioDevice initialized.
[2015.07.31-17.16.34:972][  0]LogDerivedDataCache: Saved boot cache 0.03s 53MB C:/Users/bmoneywhat/AppData/Local/UnrealEngine/4.8/DerivedDataCache/Boot.ddc.
[2015.07.31-17.16.34:978][  0]LogInit: Texture streaming: Disabled
[2015.07.31-17.16.35:021][  0]LogAnalytics: Creating configured Analytics provider AnalyticsET
[2015.07.31-17.16.35:021][  0]LogAnalytics: [UEEditor.Rocket.Release] APIServer = http://et2.epicgames.com/ET2/. AppVersion = 4.8.3-2634408+++depot+UE4-Releases+4.8
[2015.07.31-17.16.35:021][  0]LogAnalytics: [UEEditor.Rocket.Release] SetUserId 7b3c81594c1745f70d78b28b9652f8cf|3255ae273b1148aca5263199eb9a5f86|c47669d9-5678-4fd6-9b9e-4216bc2e196f
[2015.07.31-17.16.35:021][  0]LogAnalytics: [UEEditor.Rocket.Release] AnalyticsET::StartSession
[2015.07.31-17.16.35:125][  0]LogInit: Transaction tracking system initialized
[2015.07.31-17.16.35:502][  0]BlueprintLog: